<?xml version="1.0" encoding="UTF-8"?>
<coverage generated="1778226356471" clover="3.2.0">
  <project timestamp="1778226356471" name="All files">
    <metrics statements="109" coveredstatements="108" conditionals="78" coveredconditionals="71" methods="42" coveredmethods="42" elements="229" coveredelements="221" complexity="0" loc="109" ncloc="109" packages="1" files="4" classes="4"/>
    <file name="analytics.ts" path="D:\HACK2SKILL PROMPT WAR in-person\src\lib\analytics.ts">
      <metrics statements="18" coveredstatements="18" conditionals="1" coveredconditionals="1" methods="15" coveredmethods="15"/>
      <line num="17" count="1" type="cond" truecount="1" falsecount="0"/>
      <line num="18" count="16" type="stmt"/>
      <line num="19" count="16" type="stmt"/>
      <line num="35" count="1" type="stmt"/>
      <line num="43" count="1" type="stmt"/>
      <line num="52" count="1" type="stmt"/>
      <line num="60" count="1" type="stmt"/>
      <line num="68" count="1" type="stmt"/>
      <line num="76" count="1" type="stmt"/>
      <line num="84" count="1" type="stmt"/>
      <line num="91" count="1" type="stmt"/>
      <line num="99" count="1" type="stmt"/>
      <line num="107" count="1" type="stmt"/>
      <line num="115" count="1" type="stmt"/>
      <line num="122" count="1" type="stmt"/>
      <line num="129" count="1" type="stmt"/>
      <line num="138" count="1" type="stmt"/>
      <line num="146" count="1" type="stmt"/>
    </file>
    <file name="budget.ts" path="D:\HACK2SKILL PROMPT WAR in-person\src\lib\budget.ts">
      <metrics statements="19" coveredstatements="19" conditionals="14" coveredconditionals="12" methods="9" coveredmethods="9"/>
      <line num="26" count="18" type="cond" truecount="2" falsecount="0"/>
      <line num="35" count="2" type="stmt"/>
      <line num="36" count="4" type="stmt"/>
      <line num="37" count="8" type="cond" truecount="1" falsecount="1"/>
      <line num="47" count="1" type="stmt"/>
      <line num="48" count="1" type="stmt"/>
      <line num="49" count="1" type="stmt"/>
      <line num="50" count="1" type="stmt"/>
      <line num="51" count="1" type="stmt"/>
      <line num="52" count="1" type="stmt"/>
      <line num="53" count="1" type="cond" truecount="1" falsecount="1"/>
      <line num="54" count="1" type="stmt"/>
      <line num="71" count="3" type="cond" truecount="2" falsecount="0"/>
      <line num="72" count="2" type="stmt"/>
      <line num="85" count="2" type="cond" truecount="2" falsecount="0"/>
      <line num="86" count="1" type="stmt"/>
      <line num="95" count="6" type="cond" truecount="2" falsecount="0"/>
      <line num="96" count="4" type="cond" truecount="2" falsecount="0"/>
      <line num="97" count="2" type="stmt"/>
    </file>
    <file name="constraints.ts" path="D:\HACK2SKILL PROMPT WAR in-person\src\lib\constraints.ts">
      <metrics statements="47" coveredstatements="46" conditionals="55" coveredconditionals="50" methods="7" coveredmethods="7"/>
      <line num="33" count="6" type="cond" truecount="6" falsecount="0"/>
      <line num="34" count="5" type="stmt"/>
      <line num="35" count="5" type="stmt"/>
      <line num="36" count="5" type="stmt"/>
      <line num="37" count="5" type="stmt"/>
      <line num="38" count="5" type="cond" truecount="2" falsecount="0"/>
      <line num="42" count="28" type="stmt"/>
      <line num="43" count="28" type="cond" truecount="2" falsecount="0"/>
      <line num="52" count="6" type="cond" truecount="4" falsecount="0"/>
      <line num="53" count="1" type="cond" truecount="3" falsecount="1"/>
      <line num="54" count="1" type="stmt"/>
      <line num="62" count="0" type="stmt"/>
      <line num="77" count="4" type="cond" truecount="3" falsecount="1"/>
      <line num="78" count="4" type="stmt"/>
      <line num="79" count="4" type="cond" truecount="2" falsecount="0"/>
      <line num="80" count="2" type="stmt"/>
      <line num="88" count="2" type="stmt"/>
      <line num="101" count="4" type="cond" truecount="4" falsecount="0"/>
      <line num="102" count="2" type="stmt"/>
      <line num="110" count="2" type="stmt"/>
      <line num="123" count="4" type="cond" truecount="2" falsecount="0"/>
      <line num="127" count="2" type="stmt"/>
      <line num="135" count="2" type="stmt"/>
      <line num="152" count="2" type="stmt"/>
      <line num="153" count="2" type="stmt"/>
      <line num="154" count="2" type="stmt"/>
      <line num="156" count="2" type="stmt"/>
      <line num="157" count="4" type="stmt"/>
      <line num="158" count="4" type="cond" truecount="2" falsecount="0"/>
      <line num="161" count="4" type="stmt"/>
      <line num="162" count="4" type="cond" truecount="1" falsecount="1"/>
      <line num="165" count="4" type="cond" truecount="2" falsecount="0"/>
      <line num="166" count="2" type="stmt"/>
      <line num="167" count="2" type="cond" truecount="2" falsecount="0"/>
      <line num="171" count="4" type="cond" truecount="2" falsecount="0"/>
      <line num="172" count="2" type="cond" truecount="1" falsecount="1"/>
      <line num="173" count="2" type="stmt"/>
      <line num="174" count="2" type="cond" truecount="2" falsecount="0"/>
      <line num="178" count="4" type="cond" truecount="2" falsecount="0"/>
      <line num="179" count="2" type="stmt"/>
      <line num="180" count="2" type="cond" truecount="1" falsecount="1"/>
      <line num="181" count="2" type="cond" truecount="2" falsecount="0"/>
      <line num="185" count="4" type="stmt"/>
      <line num="186" count="2" type="stmt"/>
      <line num="187" count="2" type="cond" truecount="2" falsecount="0"/>
      <line num="188" count="1" type="stmt"/>
      <line num="200" count="2" type="stmt"/>
    </file>
    <file name="utils.ts" path="D:\HACK2SKILL PROMPT WAR in-person\src\lib\utils.ts">
      <metrics statements="25" coveredstatements="25" conditionals="8" coveredconditionals="8" methods="11" coveredmethods="11"/>
      <line num="5" count="2" type="stmt"/>
      <line num="6" count="2" type="stmt"/>
      <line num="21" count="6" type="cond" truecount="2" falsecount="0"/>
      <line num="22" count="5" type="stmt"/>
      <line num="26" count="5" type="stmt"/>
      <line num="27" count="25" type="stmt"/>
      <line num="29" count="5" type="stmt"/>
      <line num="38" count="10" type="stmt"/>
      <line num="47" count="5" type="stmt"/>
      <line num="56" count="2" type="stmt"/>
      <line num="57" count="2" type="stmt"/>
      <line num="68" count="3" type="stmt"/>
      <line num="78" count="2" type="cond" truecount="2" falsecount="0"/>
      <line num="79" count="1" type="stmt"/>
      <line num="89" count="4" type="stmt"/>
      <line num="103" count="2" type="stmt"/>
      <line num="104" count="2" type="stmt"/>
      <line num="105" count="2" type="stmt"/>
      <line num="106" count="2" type="cond" truecount="2" falsecount="0"/>
      <line num="107" count="1" type="stmt"/>
      <line num="109" count="2" type="stmt"/>
      <line num="119" count="3" type="stmt"/>
      <line num="120" count="3" type="stmt"/>
      <line num="121" count="3" type="stmt"/>
      <line num="129" count="2" type="stmt"/>
    </file>
  </project>
</coverage>
