{"D:\\HACK2SKILL PROMPT WAR in-person\\src\\components\\planner\\ConstraintBanner.tsx": {"path":"D:\\HACK2SKILL PROMPT WAR in-person\\src\\components\\planner\\ConstraintBanner.tsx","statementMap":{"0":{"start":{"line":8,"column":13},"end":{"line":21,"column":null}},"1":{"start":{"line":9,"column":2},"end":{"line":9,"column":null}},"2":{"start":{"line":9,"column":31},"end":{"line":9,"column":null}},"3":{"start":{"line":10,"column":2},"end":{"line":21,"column":null}},"4":{"start":{"line":17,"column":10},"end":{"line":19,"column":null}}},"fnMap":{"0":{"name":"(anonymous_0)","decl":{"start":{"line":8,"column":13},"end":{"line":8,"column":66}},"loc":{"start":{"line":8,"column":85},"end":{"line":21,"column":null}},"line":8},"1":{"name":"(anonymous_1)","decl":{"start":{"line":16,"column":32},"end":{"line":16,"column":37}},"loc":{"start":{"line":17,"column":10},"end":{"line":19,"column":null}},"line":17}},"branchMap":{"0":{"loc":{"start":{"line":9,"column":2},"end":{"line":9,"column":null}},"type":"if","locations":[{"start":{"line":9,"column":2},"end":{"line":9,"column":null}},{"start":{},"end":{}}],"line":9},"1":{"loc":{"start":{"line":13,"column":42},"end":{"line":13,"column":75}},"type":"cond-expr","locations":[{"start":{"line":13,"column":66},"end":{"line":13,"column":72}},{"start":{"line":13,"column":72},"end":{"line":13,"column":75}}],"line":13},"2":{"loc":{"start":{"line":18,"column":13},"end":{"line":18,"column":50}},"type":"cond-expr","locations":[{"start":{"line":18,"column":38},"end":{"line":18,"column":45}},{"start":{"line":18,"column":45},"end":{"line":18,"column":50}}],"line":18}},"s":{"0":1,"1":3,"2":1,"3":2,"4":3},"f":{"0":3,"1":3},"b":{"0":[1,2],"1":[1,1],"2":[1,2]},"meta":{"lastBranch":3,"lastFunction":2,"lastStatement":5,"seen":{"s:8:13:21:Infinity":0,"f:8:13:8:66":0,"b:9:2:9:Infinity:undefined:undefined:undefined:undefined":0,"s:9:2:9:Infinity":1,"s:9:31:9:Infinity":2,"s:10:2:21:Infinity":3,"b:13:66:13:72:13:72:13:75":1,"f:16:32:16:37":1,"s:17:10:19:Infinity":4,"b:18:38:18:45:18:45:18:50":2}}}
,"D:\\HACK2SKILL PROMPT WAR in-person\\src\\lib\\analytics.ts": {"path":"D:\\HACK2SKILL PROMPT WAR in-person\\src\\lib\\analytics.ts","statementMap":{"0":{"start":{"line":17,"column":13},"end":{"line":24,"column":null}},"1":{"start":{"line":18,"column":2},"end":{"line":24,"column":null}},"2":{"start":{"line":19,"column":4},"end":{"line":23,"column":null}},"3":{"start":{"line":35,"column":25},"end":{"line":147,"column":null}},"4":{"start":{"line":43,"column":4},"end":{"line":43,"column":76}},"5":{"start":{"line":52,"column":4},"end":{"line":52,"column":54}},"6":{"start":{"line":60,"column":4},"end":{"line":60,"column":62}},"7":{"start":{"line":68,"column":4},"end":{"line":68,"column":48}},"8":{"start":{"line":76,"column":4},"end":{"line":76,"column":47}},"9":{"start":{"line":84,"column":4},"end":{"line":84,"column":69}},"10":{"start":{"line":91,"column":4},"end":{"line":91,"column":47}},"11":{"start":{"line":99,"column":4},"end":{"line":99,"column":52}},"12":{"start":{"line":107,"column":4},"end":{"line":107,"column":35}},"13":{"start":{"line":115,"column":4},"end":{"line":115,"column":37}},"14":{"start":{"line":122,"column":4},"end":{"line":122,"column":44}},"15":{"start":{"line":129,"column":4},"end":{"line":129,"column":38}},"16":{"start":{"line":138,"column":4},"end":{"line":138,"column":73}},"17":{"start":{"line":146,"column":4},"end":{"line":146,"column":null}}},"fnMap":{"0":{"name":"(anonymous_0)","decl":{"start":{"line":17,"column":13},"end":{"line":17,"column":27}},"loc":{"start":{"line":17,"column":93},"end":{"line":24,"column":null}},"line":17},"1":{"name":"(anonymous_1)","decl":{"start":{"line":42,"column":2},"end":{"line":42,"column":16}},"loc":{"start":{"line":43,"column":4},"end":{"line":43,"column":76}},"line":43},"2":{"name":"(anonymous_2)","decl":{"start":{"line":51,"column":2},"end":{"line":51,"column":18}},"loc":{"start":{"line":52,"column":4},"end":{"line":52,"column":54}},"line":52},"3":{"name":"(anonymous_3)","decl":{"start":{"line":59,"column":2},"end":{"line":59,"column":20}},"loc":{"start":{"line":60,"column":4},"end":{"line":60,"column":62}},"line":60},"4":{"name":"(anonymous_4)","decl":{"start":{"line":67,"column":2},"end":{"line":67,"column":22}},"loc":{"start":{"line":68,"column":4},"end":{"line":68,"column":48}},"line":68},"5":{"name":"(anonymous_5)","decl":{"start":{"line":75,"column":2},"end":{"line":75,"column":22}},"loc":{"start":{"line":76,"column":4},"end":{"line":76,"column":47}},"line":76},"6":{"name":"(anonymous_6)","decl":{"start":{"line":83,"column":2},"end":{"line":83,"column":23}},"loc":{"start":{"line":84,"column":4},"end":{"line":84,"column":69}},"line":84},"7":{"name":"(anonymous_7)","decl":{"start":{"line":90,"column":2},"end":{"line":90,"column":null}},"loc":{"start":{"line":91,"column":4},"end":{"line":91,"column":47}},"line":91},"8":{"name":"(anonymous_8)","decl":{"start":{"line":98,"column":2},"end":{"line":98,"column":13}},"loc":{"start":{"line":99,"column":4},"end":{"line":99,"column":52}},"line":99},"9":{"name":"(anonymous_9)","decl":{"start":{"line":106,"column":2},"end":{"line":106,"column":11}},"loc":{"start":{"line":107,"column":4},"end":{"line":107,"column":35}},"line":107},"10":{"name":"(anonymous_10)","decl":{"start":{"line":114,"column":2},"end":{"line":114,"column":11}},"loc":{"start":{"line":115,"column":4},"end":{"line":115,"column":37}},"line":115},"11":{"name":"(anonymous_11)","decl":{"start":{"line":121,"column":2},"end":{"line":121,"column":null}},"loc":{"start":{"line":122,"column":4},"end":{"line":122,"column":44}},"line":122},"12":{"name":"(anonymous_12)","decl":{"start":{"line":128,"column":2},"end":{"line":128,"column":null}},"loc":{"start":{"line":129,"column":4},"end":{"line":129,"column":38}},"line":129},"13":{"name":"(anonymous_13)","decl":{"start":{"line":137,"column":2},"end":{"line":137,"column":24}},"loc":{"start":{"line":138,"column":4},"end":{"line":138,"column":73}},"line":138},"14":{"name":"(anonymous_14)","decl":{"start":{"line":145,"column":2},"end":{"line":145,"column":18}},"loc":{"start":{"line":146,"column":4},"end":{"line":146,"column":null}},"line":146}},"branchMap":{"0":{"loc":{"start":{"line":17,"column":46},"end":{"line":17,"column":82}},"type":"default-arg","locations":[{"start":{"line":17,"column":80},"end":{"line":17,"column":82}}],"line":17}},"s":{"0":1,"1":16,"2":16,"3":1,"4":1,"5":1,"6":1,"7":1,"8":1,"9":1,"10":1,"11":1,"12":1,"13":1,"14":1,"15":1,"16":1,"17":1},"f":{"0":16,"1":1,"2":1,"3":1,"4":1,"5":1,"6":1,"7":1,"8":1,"9":1,"10":1,"11":1,"12":1,"13":1,"14":1},"b":{"0":[16]},"meta":{"lastBranch":1,"lastFunction":15,"lastStatement":18,"seen":{"s:17:13:24:Infinity":0,"f:17:13:17:27":0,"b:17:80:17:82":0,"s:18:2:24:Infinity":1,"s:19:4:23:Infinity":2,"s:35:25:147:Infinity":3,"f:42:2:42:16":1,"s:43:4:43:76":4,"f:51:2:51:18":2,"s:52:4:52:54":5,"f:59:2:59:20":3,"s:60:4:60:62":6,"f:67:2:67:22":4,"s:68:4:68:48":7,"f:75:2:75:22":5,"s:76:4:76:47":8,"f:83:2:83:23":6,"s:84:4:84:69":9,"f:90:2:90:Infinity":7,"s:91:4:91:47":10,"f:98:2:98:13":8,"s:99:4:99:52":11,"f:106:2:106:11":9,"s:107:4:107:35":12,"f:114:2:114:11":10,"s:115:4:115:37":13,"f:121:2:121:Infinity":11,"s:122:4:122:44":14,"f:128:2:128:Infinity":12,"s:129:4:129:38":15,"f:137:2:137:24":13,"s:138:4:138:73":16,"f:145:2:145:18":14,"s:146:4:146:Infinity":17}}}
,"D:\\HACK2SKILL PROMPT WAR in-person\\src\\lib\\budget.ts": {"path":"D:\\HACK2SKILL PROMPT WAR in-person\\src\\lib\\budget.ts","statementMap":{"0":{"start":{"line":26,"column":2},"end":{"line":26,"column":null}},"1":{"start":{"line":26,"column":55},"end":{"line":26,"column":73}},"2":{"start":{"line":35,"column":2},"end":{"line":38,"column":null}},"3":{"start":{"line":36,"column":18},"end":{"line":36,"column":null}},"4":{"start":{"line":37,"column":4},"end":{"line":37,"column":null}},"5":{"start":{"line":37,"column":51},"end":{"line":37,"column":88}},"6":{"start":{"line":47,"column":16},"end":{"line":47,"column":null}},"7":{"start":{"line":48,"column":20},"end":{"line":48,"column":null}},"8":{"start":{"line":49,"column":16},"end":{"line":49,"column":36}},"9":{"start":{"line":50,"column":20},"end":{"line":50,"column":54}},"10":{"start":{"line":51,"column":15},"end":{"line":51,"column":41}},"11":{"start":{"line":52,"column":20},"end":{"line":52,"column":null}},"12":{"start":{"line":53,"column":21},"end":{"line":53,"column":null}},"13":{"start":{"line":54,"column":2},"end":{"line":61,"column":null}},"14":{"start":{"line":71,"column":2},"end":{"line":71,"column":null}},"15":{"start":{"line":71,"column":18},"end":{"line":71,"column":null}},"16":{"start":{"line":72,"column":2},"end":{"line":72,"column":null}},"17":{"start":{"line":85,"column":2},"end":{"line":85,"column":null}},"18":{"start":{"line":85,"column":25},"end":{"line":85,"column":null}},"19":{"start":{"line":86,"column":2},"end":{"line":86,"column":null}},"20":{"start":{"line":95,"column":2},"end":{"line":95,"column":null}},"21":{"start":{"line":95,"column":24},"end":{"line":95,"column":null}},"22":{"start":{"line":96,"column":2},"end":{"line":96,"column":null}},"23":{"start":{"line":96,"column":24},"end":{"line":96,"column":null}},"24":{"start":{"line":97,"column":2},"end":{"line":97,"column":null}}},"fnMap":{"0":{"name":"sumBudget","decl":{"start":{"line":25,"column":16},"end":{"line":25,"column":26}},"loc":{"start":{"line":25,"column":62},"end":{"line":26,"column":null}},"line":25},"1":{"name":"(anonymous_1)","decl":{"start":{"line":26,"column":34},"end":{"line":26,"column":42}},"loc":{"start":{"line":26,"column":55},"end":{"line":26,"column":73}},"line":26},"2":{"name":"calculateEstimatedSpend","decl":{"start":{"line":34,"column":16},"end":{"line":34,"column":40}},"loc":{"start":{"line":34,"column":70},"end":{"line":38,"column":null}},"line":34},"3":{"name":"(anonymous_3)","decl":{"start":{"line":35,"column":24},"end":{"line":35,"column":32}},"loc":{"start":{"line":35,"column":47},"end":{"line":38,"column":7}},"line":35},"4":{"name":"(anonymous_4)","decl":{"start":{"line":37,"column":25},"end":{"line":37,"column":33}},"loc":{"start":{"line":37,"column":51},"end":{"line":37,"column":88}},"line":37},"5":{"name":"getBudgetSummary","decl":{"start":{"line":46,"column":16},"end":{"line":46,"column":33}},"loc":{"start":{"line":46,"column":70},"end":{"line":61,"column":null}},"line":46},"6":{"name":"getDailyBudget","decl":{"start":{"line":70,"column":16},"end":{"line":70,"column":31}},"loc":{"start":{"line":70,"column":74},"end":{"line":72,"column":null}},"line":70},"7":{"name":"getCategoryPercentage","decl":{"start":{"line":81,"column":16},"end":{"line":81,"column":null}},"loc":{"start":{"line":84,"column":10},"end":{"line":86,"column":null}},"line":84},"8":{"name":"getBudgetHealth","decl":{"start":{"line":94,"column":16},"end":{"line":94,"column":32}},"loc":{"start":{"line":94,"column":83},"end":{"line":97,"column":null}},"line":94}},"branchMap":{"0":{"loc":{"start":{"line":26,"column":62},"end":{"line":26,"column":73}},"type":"binary-expr","locations":[{"start":{"line":26,"column":62},"end":{"line":26,"column":69}},{"start":{"line":26,"column":69},"end":{"line":26,"column":73}}],"line":26},"1":{"loc":{"start":{"line":37,"column":58},"end":{"line":37,"column":88}},"type":"binary-expr","locations":[{"start":{"line":37,"column":58},"end":{"line":37,"column":84}},{"start":{"line":37,"column":84},"end":{"line":37,"column":88}}],"line":37},"2":{"loc":{"start":{"line":53,"column":21},"end":{"line":53,"column":null}},"type":"cond-expr","locations":[{"start":{"line":53,"column":33},"end":{"line":53,"column":65}},{"start":{"line":53,"column":68},"end":{"line":53,"column":null}}],"line":53},"3":{"loc":{"start":{"line":71,"column":2},"end":{"line":71,"column":null}},"type":"if","locations":[{"start":{"line":71,"column":2},"end":{"line":71,"column":null}},{"start":{},"end":{}}],"line":71},"4":{"loc":{"start":{"line":85,"column":2},"end":{"line":85,"column":null}},"type":"if","locations":[{"start":{"line":85,"column":2},"end":{"line":85,"column":null}},{"start":{},"end":{}}],"line":85},"5":{"loc":{"start":{"line":95,"column":2},"end":{"line":95,"column":null}},"type":"if","locations":[{"start":{"line":95,"column":2},"end":{"line":95,"column":null}},{"start":{},"end":{}}],"line":95},"6":{"loc":{"start":{"line":96,"column":2},"end":{"line":96,"column":null}},"type":"if","locations":[{"start":{"line":96,"column":2},"end":{"line":96,"column":null}},{"start":{},"end":{}}],"line":96}},"s":{"0":3,"1":18,"2":2,"3":4,"4":4,"5":8,"6":1,"7":1,"8":1,"9":1,"10":1,"11":1,"12":1,"13":1,"14":3,"15":1,"16":2,"17":2,"18":1,"19":1,"20":6,"21":2,"22":4,"23":4,"24":2},"f":{"0":3,"1":18,"2":2,"3":4,"4":8,"5":1,"6":3,"7":2,"8":6},"b":{"0":[18,10],"1":[8,0],"2":[1,0],"3":[1,2],"4":[1,1],"5":[2,4],"6":[2,2]},"meta":{"lastBranch":7,"lastFunction":9,"lastStatement":25,"seen":{"f:25:16:25:26":0,"s:26:2:26:Infinity":0,"f:26:34:26:42":1,"s:26:55:26:73":1,"b:26:62:26:69:26:69:26:73":0,"f:34:16:34:40":2,"s:35:2:38:Infinity":2,"f:35:24:35:32":3,"s:36:18:36:Infinity":3,"s:37:4:37:Infinity":4,"f:37:25:37:33":4,"s:37:51:37:88":5,"b:37:58:37:84:37:84:37:88":1,"f:46:16:46:33":5,"s:47:16:47:Infinity":6,"s:48:20:48:Infinity":7,"s:49:16:49:36":8,"s:50:20:50:54":9,"s:51:15:51:41":10,"s:52:20:52:Infinity":11,"s:53:21:53:Infinity":12,"b:53:33:53:65:53:68:53:Infinity":2,"s:54:2:61:Infinity":13,"f:70:16:70:31":6,"b:71:2:71:Infinity:undefined:undefined:undefined:undefined":3,"s:71:2:71:Infinity":14,"s:71:18:71:Infinity":15,"s:72:2:72:Infinity":16,"f:81:16:81:Infinity":7,"b:85:2:85:Infinity:undefined:undefined:undefined:undefined":4,"s:85:2:85:Infinity":17,"s:85:25:85:Infinity":18,"s:86:2:86:Infinity":19,"f:94:16:94:32":8,"b:95:2:95:Infinity:undefined:undefined:undefined:undefined":5,"s:95:2:95:Infinity":20,"s:95:24:95:Infinity":21,"b:96:2:96:Infinity:undefined:undefined:undefined:undefined":6,"s:96:2:96:Infinity":22,"s:96:24:96:Infinity":23,"s:97:2:97:Infinity":24}}}
,"D:\\HACK2SKILL PROMPT WAR in-person\\src\\lib\\constraints.ts": {"path":"D:\\HACK2SKILL PROMPT WAR in-person\\src\\lib\\constraints.ts","statementMap":{"0":{"start":{"line":33,"column":2},"end":{"line":33,"column":null}},"1":{"start":{"line":33,"column":64},"end":{"line":33,"column":null}},"2":{"start":{"line":34,"column":17},"end":{"line":34,"column":43}},"3":{"start":{"line":35,"column":17},"end":{"line":35,"column":41}},"4":{"start":{"line":36,"column":17},"end":{"line":36,"column":43}},"5":{"start":{"line":37,"column":17},"end":{"line":37,"column":41}},"6":{"start":{"line":38,"column":2},"end":{"line":38,"column":null}},"7":{"start":{"line":42,"column":17},"end":{"line":42,"column":44}},"8":{"start":{"line":43,"column":2},"end":{"line":43,"column":null}},"9":{"start":{"line":52,"column":2},"end":{"line":52,"column":null}},"10":{"start":{"line":52,"column":53},"end":{"line":52,"column":null}},"11":{"start":{"line":53,"column":2},"end":{"line":60,"column":null}},"12":{"start":{"line":54,"column":4},"end":{"line":60,"column":null}},"13":{"start":{"line":62,"column":2},"end":{"line":62,"column":null}},"14":{"start":{"line":77,"column":2},"end":{"line":77,"column":null}},"15":{"start":{"line":77,"column":38},"end":{"line":77,"column":null}},"16":{"start":{"line":78,"column":14},"end":{"line":78,"column":71}},"17":{"start":{"line":79,"column":2},"end":{"line":86,"column":null}},"18":{"start":{"line":80,"column":4},"end":{"line":86,"column":null}},"19":{"start":{"line":88,"column":2},"end":{"line":88,"column":null}},"20":{"start":{"line":101,"column":2},"end":{"line":108,"column":null}},"21":{"start":{"line":102,"column":4},"end":{"line":108,"column":null}},"22":{"start":{"line":110,"column":2},"end":{"line":110,"column":null}},"23":{"start":{"line":123,"column":2},"end":{"line":133,"column":null}},"24":{"start":{"line":127,"column":4},"end":{"line":133,"column":null}},"25":{"start":{"line":135,"column":2},"end":{"line":135,"column":null}},"26":{"start":{"line":152,"column":44},"end":{"line":152,"column":46}},"27":{"start":{"line":153,"column":24},"end":{"line":153,"column":null}},"28":{"start":{"line":154,"column":20},"end":{"line":154,"column":null}},"29":{"start":{"line":156,"column":2},"end":{"line":195,"column":null}},"30":{"start":{"line":156,"column":15},"end":{"line":156,"column":18}},"31":{"start":{"line":157,"column":21},"end":{"line":157,"column":null}},"32":{"start":{"line":158,"column":4},"end":{"line":158,"column":null}},"33":{"start":{"line":161,"column":27},"end":{"line":161,"column":57}},"34":{"start":{"line":162,"column":4},"end":{"line":162,"column":null}},"35":{"start":{"line":162,"column":24},"end":{"line":162,"column":null}},"36":{"start":{"line":165,"column":4},"end":{"line":167,"column":null}},"37":{"start":{"line":166,"column":30},"end":{"line":166,"column":83}},"38":{"start":{"line":167,"column":6},"end":{"line":167,"column":null}},"39":{"start":{"line":167,"column":27},"end":{"line":167,"column":null}},"40":{"start":{"line":171,"column":4},"end":{"line":174,"column":null}},"41":{"start":{"line":172,"column":24},"end":{"line":172,"column":null}},"42":{"start":{"line":173,"column":30},"end":{"line":173,"column":65}},"43":{"start":{"line":174,"column":6},"end":{"line":174,"column":null}},"44":{"start":{"line":174,"column":27},"end":{"line":174,"column":null}},"45":{"start":{"line":178,"column":4},"end":{"line":181,"column":null}},"46":{"start":{"line":179,"column":19},"end":{"line":179,"column":null}},"47":{"start":{"line":180,"column":31},"end":{"line":180,"column":95}},"48":{"start":{"line":181,"column":6},"end":{"line":181,"column":null}},"49":{"start":{"line":181,"column":28},"end":{"line":181,"column":null}},"50":{"start":{"line":185,"column":4},"end":{"line":195,"column":null}},"51":{"start":{"line":185,"column":17},"end":{"line":185,"column":24}},"52":{"start":{"line":186,"column":20},"end":{"line":186,"column":null}},"53":{"start":{"line":187,"column":6},"end":{"line":195,"column":null}},"54":{"start":{"line":188,"column":8},"end":{"line":195,"column":null}},"55":{"start":{"line":200,"column":2},"end":{"line":200,"column":null}}},"fnMap":{"0":{"name":"hasTimeOverlap","decl":{"start":{"line":32,"column":16},"end":{"line":32,"column":31}},"loc":{"start":{"line":32,"column":74},"end":{"line":38,"column":null}},"line":32},"1":{"name":"timeToMinutes","decl":{"start":{"line":41,"column":9},"end":{"line":41,"column":23}},"loc":{"start":{"line":41,"column":45},"end":{"line":43,"column":null}},"line":41},"2":{"name":"validateOpeningHours","decl":{"start":{"line":51,"column":16},"end":{"line":51,"column":37}},"loc":{"start":{"line":51,"column":89},"end":{"line":62,"column":null}},"line":51},"3":{"name":"validateTransitTime","decl":{"start":{"line":72,"column":16},"end":{"line":72,"column":null}},"loc":{"start":{"line":76,"column":30},"end":{"line":88,"column":null}},"line":76},"4":{"name":"validateAccessibility","decl":{"start":{"line":97,"column":16},"end":{"line":97,"column":null}},"loc":{"start":{"line":100,"column":30},"end":{"line":110,"column":null}},"line":100},"5":{"name":"validateBudget","decl":{"start":{"line":119,"column":16},"end":{"line":119,"column":null}},"loc":{"start":{"line":122,"column":30},"end":{"line":135,"column":null}},"line":122},"6":{"name":"validateDay","decl":{"start":{"line":144,"column":16},"end":{"line":144,"column":null}},"loc":{"start":{"line":151,"column":25},"end":{"line":200,"column":null}},"line":151}},"branchMap":{"0":{"loc":{"start":{"line":33,"column":2},"end":{"line":33,"column":null}},"type":"if","locations":[{"start":{"line":33,"column":2},"end":{"line":33,"column":null}},{"start":{},"end":{}}],"line":33},"1":{"loc":{"start":{"line":33,"column":6},"end":{"line":33,"column":64}},"type":"binary-expr","locations":[{"start":{"line":33,"column":6},"end":{"line":33,"column":22}},{"start":{"line":33,"column":22},"end":{"line":33,"column":36}},{"start":{"line":33,"column":36},"end":{"line":33,"column":52}},{"start":{"line":33,"column":52},"end":{"line":33,"column":64}}],"line":33},"2":{"loc":{"start":{"line":38,"column":9},"end":{"line":38,"column":null}},"type":"binary-expr","locations":[{"start":{"line":38,"column":9},"end":{"line":38,"column":26}},{"start":{"line":38,"column":26},"end":{"line":38,"column":null}}],"line":38},"3":{"loc":{"start":{"line":43,"column":19},"end":{"line":43,"column":null}},"type":"binary-expr","locations":[{"start":{"line":43,"column":19},"end":{"line":43,"column":24}},{"start":{"line":43,"column":24},"end":{"line":43,"column":null}}],"line":43},"4":{"loc":{"start":{"line":52,"column":2},"end":{"line":52,"column":null}},"type":"if","locations":[{"start":{"line":52,"column":2},"end":{"line":52,"column":null}},{"start":{},"end":{}}],"line":52},"5":{"loc":{"start":{"line":52,"column":6},"end":{"line":52,"column":53}},"type":"binary-expr","locations":[{"start":{"line":52,"column":6},"end":{"line":52,"column":29}},{"start":{"line":52,"column":29},"end":{"line":52,"column":53}}],"line":52},"6":{"loc":{"start":{"line":53,"column":2},"end":{"line":60,"column":null}},"type":"if","locations":[{"start":{"line":53,"column":2},"end":{"line":60,"column":null}},{"start":{},"end":{}}],"line":53},"7":{"loc":{"start":{"line":53,"column":6},"end":{"line":53,"column":91}},"type":"binary-expr","locations":[{"start":{"line":53,"column":6},"end":{"line":53,"column":40}},{"start":{"line":53,"column":40},"end":{"line":53,"column":91}}],"line":53},"8":{"loc":{"start":{"line":77,"column":2},"end":{"line":77,"column":null}},"type":"if","locations":[{"start":{"line":77,"column":2},"end":{"line":77,"column":null}},{"start":{},"end":{}}],"line":77},"9":{"loc":{"start":{"line":77,"column":6},"end":{"line":77,"column":38}},"type":"binary-expr","locations":[{"start":{"line":77,"column":6},"end":{"line":77,"column":23}},{"start":{"line":77,"column":23},"end":{"line":77,"column":38}}],"line":77},"10":{"loc":{"start":{"line":79,"column":2},"end":{"line":86,"column":null}},"type":"if","locations":[{"start":{"line":79,"column":2},"end":{"line":86,"column":null}},{"start":{},"end":{}}],"line":79},"11":{"loc":{"start":{"line":101,"column":2},"end":{"line":108,"column":null}},"type":"if","locations":[{"start":{"line":101,"column":2},"end":{"line":108,"column":null}},{"start":{},"end":{}}],"line":101},"12":{"loc":{"start":{"line":101,"column":6},"end":{"line":101,"column":82}},"type":"binary-expr","locations":[{"start":{"line":101,"column":6},"end":{"line":101,"column":39}},{"start":{"line":101,"column":39},"end":{"line":101,"column":82}}],"line":101},"13":{"loc":{"start":{"line":123,"column":2},"end":{"line":133,"column":null}},"type":"if","locations":[{"start":{"line":123,"column":2},"end":{"line":133,"column":null}},{"start":{},"end":{}}],"line":123},"14":{"loc":{"start":{"line":124,"column":4},"end":{"line":125,"column":null}},"type":"binary-expr","locations":[{"start":{"line":124,"column":4},"end":{"line":124,"column":null}},{"start":{"line":125,"column":4},"end":{"line":125,"column":null}}],"line":124},"15":{"loc":{"start":{"line":146,"column":2},"end":{"line":150,"column":8}},"type":"default-arg","locations":[{"start":{"line":150,"column":6},"end":{"line":150,"column":8}}],"line":146},"16":{"loc":{"start":{"line":158,"column":19},"end":{"line":158,"column":null}},"type":"binary-expr","locations":[{"start":{"line":158,"column":19},"end":{"line":158,"column":45}},{"start":{"line":158,"column":45},"end":{"line":158,"column":null}}],"line":158},"17":{"loc":{"start":{"line":162,"column":4},"end":{"line":162,"column":null}},"type":"if","locations":[{"start":{"line":162,"column":4},"end":{"line":162,"column":null}},{"start":{},"end":{}}],"line":162},"18":{"loc":{"start":{"line":165,"column":4},"end":{"line":167,"column":null}},"type":"if","locations":[{"start":{"line":165,"column":4},"end":{"line":167,"column":null}},{"start":{},"end":{}}],"line":165},"19":{"loc":{"start":{"line":167,"column":6},"end":{"line":167,"column":null}},"type":"if","locations":[{"start":{"line":167,"column":6},"end":{"line":167,"column":null}},{"start":{},"end":{}}],"line":167},"20":{"loc":{"start":{"line":171,"column":4},"end":{"line":174,"column":null}},"type":"if","locations":[{"start":{"line":171,"column":4},"end":{"line":174,"column":null}},{"start":{},"end":{}}],"line":171},"21":{"loc":{"start":{"line":172,"column":66},"end":{"line":172,"column":null}},"type":"binary-expr","locations":[{"start":{"line":172,"column":66},"end":{"line":172,"column":92}},{"start":{"line":172,"column":92},"end":{"line":172,"column":null}}],"line":172},"22":{"loc":{"start":{"line":174,"column":6},"end":{"line":174,"column":null}},"type":"if","locations":[{"start":{"line":174,"column":6},"end":{"line":174,"column":null}},{"start":{},"end":{}}],"line":174},"23":{"loc":{"start":{"line":178,"column":4},"end":{"line":181,"column":null}},"type":"if","locations":[{"start":{"line":178,"column":4},"end":{"line":181,"column":null}},{"start":{},"end":{}}],"line":178},"24":{"loc":{"start":{"line":180,"column":67},"end":{"line":180,"column":95}},"type":"binary-expr","locations":[{"start":{"line":180,"column":67},"end":{"line":180,"column":92}},{"start":{"line":180,"column":92},"end":{"line":180,"column":95}}],"line":180},"25":{"loc":{"start":{"line":181,"column":6},"end":{"line":181,"column":null}},"type":"if","locations":[{"start":{"line":181,"column":6},"end":{"line":181,"column":null}},{"start":{},"end":{}}],"line":181},"26":{"loc":{"start":{"line":187,"column":6},"end":{"line":195,"column":null}},"type":"if","locations":[{"start":{"line":187,"column":6},"end":{"line":195,"column":null}},{"start":{},"end":{}}],"line":187}},"s":{"0":6,"1":1,"2":5,"3":5,"4":5,"5":5,"6":5,"7":28,"8":28,"9":6,"10":5,"11":1,"12":1,"13":0,"14":4,"15":0,"16":4,"17":4,"18":2,"19":2,"20":4,"21":2,"22":2,"23":4,"24":2,"25":2,"26":2,"27":2,"28":2,"29":2,"30":2,"31":4,"32":4,"33":4,"34":4,"35":0,"36":4,"37":2,"38":2,"39":1,"40":4,"41":2,"42":2,"43":2,"44":1,"45":4,"46":2,"47":2,"48":2,"49":1,"50":4,"51":4,"52":2,"53":2,"54":1,"55":2},"f":{"0":6,"1":28,"2":6,"3":4,"4":4,"5":4,"6":2},"b":{"0":[1,5],"1":[6,5,5,5],"2":[5,5],"3":[28,25],"4":[5,1],"5":[6,6],"6":[1,0],"7":[1,1],"8":[0,4],"9":[4,4],"10":[2,2],"11":[2,2],"12":[4,3],"13":[2,2],"14":[4,4],"15":[2],"16":[4,2],"17":[0,4],"18":[2,2],"19":[1,1],"20":[2,2],"21":[2,0],"22":[1,1],"23":[2,2],"24":[2,0],"25":[1,1],"26":[1,1]},"meta":{"lastBranch":27,"lastFunction":7,"lastStatement":56,"seen":{"f:32:16:32:31":0,"b:33:2:33:Infinity:undefined:undefined:undefined:undefined":0,"s:33:2:33:Infinity":0,"b:33:6:33:22:33:22:33:36:33:36:33:52:33:52:33:64":1,"s:33:64:33:Infinity":1,"s:34:17:34:43":2,"s:35:17:35:41":3,"s:36:17:36:43":4,"s:37:17:37:41":5,"s:38:2:38:Infinity":6,"b:38:9:38:26:38:26:38:Infinity":2,"f:41:9:41:23":1,"s:42:17:42:44":7,"s:43:2:43:Infinity":8,"b:43:19:43:24:43:24:43:Infinity":3,"f:51:16:51:37":2,"b:52:2:52:Infinity:undefined:undefined:undefined:undefined":4,"s:52:2:52:Infinity":9,"b:52:6:52:29:52:29:52:53":5,"s:52:53:52:Infinity":10,"b:53:2:60:Infinity:undefined:undefined:undefined:undefined":6,"s:53:2:60:Infinity":11,"b:53:6:53:40:53:40:53:91":7,"s:54:4:60:Infinity":12,"s:62:2:62:Infinity":13,"f:72:16:72:Infinity":3,"b:77:2:77:Infinity:undefined:undefined:undefined:undefined":8,"s:77:2:77:Infinity":14,"b:77:6:77:23:77:23:77:38":9,"s:77:38:77:Infinity":15,"s:78:14:78:71":16,"b:79:2:86:Infinity:undefined:undefined:undefined:undefined":10,"s:79:2:86:Infinity":17,"s:80:4:86:Infinity":18,"s:88:2:88:Infinity":19,"f:97:16:97:Infinity":4,"b:101:2:108:Infinity:undefined:undefined:undefined:undefined":11,"s:101:2:108:Infinity":20,"b:101:6:101:39:101:39:101:82":12,"s:102:4:108:Infinity":21,"s:110:2:110:Infinity":22,"f:119:16:119:Infinity":5,"b:123:2:133:Infinity:undefined:undefined:undefined:undefined":13,"s:123:2:133:Infinity":23,"b:124:4:124:Infinity:125:4:125:Infinity":14,"s:127:4:133:Infinity":24,"s:135:2:135:Infinity":25,"f:144:16:144:Infinity":6,"b:150:6:150:8":15,"s:152:44:152:46":26,"s:153:24:153:Infinity":27,"s:154:20:154:Infinity":28,"s:156:2:195:Infinity":29,"s:156:15:156:18":30,"s:157:21:157:Infinity":31,"s:158:4:158:Infinity":32,"b:158:19:158:45:158:45:158:Infinity":16,"s:161:27:161:57":33,"b:162:4:162:Infinity:undefined:undefined:undefined:undefined":17,"s:162:4:162:Infinity":34,"s:162:24:162:Infinity":35,"b:165:4:167:Infinity:undefined:undefined:undefined:undefined":18,"s:165:4:167:Infinity":36,"s:166:30:166:83":37,"b:167:6:167:Infinity:undefined:undefined:undefined:undefined":19,"s:167:6:167:Infinity":38,"s:167:27:167:Infinity":39,"b:171:4:174:Infinity:undefined:undefined:undefined:undefined":20,"s:171:4:174:Infinity":40,"s:172:24:172:Infinity":41,"b:172:66:172:92:172:92:172:Infinity":21,"s:173:30:173:65":42,"b:174:6:174:Infinity:undefined:undefined:undefined:undefined":22,"s:174:6:174:Infinity":43,"s:174:27:174:Infinity":44,"b:178:4:181:Infinity:undefined:undefined:undefined:undefined":23,"s:178:4:181:Infinity":45,"s:179:19:179:Infinity":46,"s:180:31:180:95":47,"b:180:67:180:92:180:92:180:95":24,"b:181:6:181:Infinity:undefined:undefined:undefined:undefined":25,"s:181:6:181:Infinity":48,"s:181:28:181:Infinity":49,"s:185:4:195:Infinity":50,"s:185:17:185:24":51,"s:186:20:186:Infinity":52,"b:187:6:195:Infinity:undefined:undefined:undefined:undefined":26,"s:187:6:195:Infinity":53,"s:188:8:195:Infinity":54,"s:200:2:200:Infinity":55}}}
,"D:\\HACK2SKILL PROMPT WAR in-person\\src\\lib\\utils.ts": {"path":"D:\\HACK2SKILL PROMPT WAR in-person\\src\\lib\\utils.ts","statementMap":{"0":{"start":{"line":5,"column":23},"end":{"line":5,"column":null}},"1":{"start":{"line":6,"column":27},"end":{"line":12,"column":null}},"2":{"start":{"line":21,"column":2},"end":{"line":21,"column":null}},"3":{"start":{"line":21,"column":33},"end":{"line":21,"column":null}},"4":{"start":{"line":22,"column":14},"end":{"line":25,"column":24}},"5":{"start":{"line":26,"column":2},"end":{"line":27,"column":null}},"6":{"start":{"line":27,"column":4},"end":{"line":27,"column":null}},"7":{"start":{"line":29,"column":2},"end":{"line":29,"column":null}},"8":{"start":{"line":38,"column":2},"end":{"line":38,"column":null}},"9":{"start":{"line":38,"column":40},"end":{"line":38,"column":53}},"10":{"start":{"line":47,"column":2},"end":{"line":47,"column":null}},"11":{"start":{"line":56,"column":15},"end":{"line":56,"column":32}},"12":{"start":{"line":57,"column":2},"end":{"line":57,"column":null}},"13":{"start":{"line":68,"column":2},"end":{"line":68,"column":null}},"14":{"start":{"line":78,"column":2},"end":{"line":78,"column":null}},"15":{"start":{"line":78,"column":32},"end":{"line":78,"column":null}},"16":{"start":{"line":79,"column":2},"end":{"line":79,"column":null}},"17":{"start":{"line":89,"column":2},"end":{"line":93,"column":null}},"18":{"start":{"line":103,"column":12},"end":{"line":103,"column":27}},"19":{"start":{"line":104,"column":12},"end":{"line":104,"column":25}},"20":{"start":{"line":105,"column":43},"end":{"line":105,"column":null}},"21":{"start":{"line":106,"column":2},"end":{"line":107,"column":null}},"22":{"start":{"line":107,"column":4},"end":{"line":107,"column":null}},"23":{"start":{"line":109,"column":2},"end":{"line":109,"column":null}},"24":{"start":{"line":119,"column":12},"end":{"line":119,"column":27}},"25":{"start":{"line":120,"column":12},"end":{"line":120,"column":25}},"26":{"start":{"line":121,"column":2},"end":{"line":121,"column":null}},"27":{"start":{"line":129,"column":2},"end":{"line":129,"column":null}}},"fnMap":{"0":{"name":"sanitizeInput","decl":{"start":{"line":20,"column":16},"end":{"line":20,"column":30}},"loc":{"start":{"line":20,"column":71},"end":{"line":29,"column":null}},"line":20},"1":{"name":"hasInjectionRisk","decl":{"start":{"line":37,"column":16},"end":{"line":37,"column":33}},"loc":{"start":{"line":37,"column":57},"end":{"line":38,"column":null}},"line":37},"2":{"name":"(anonymous_2)","decl":{"start":{"line":38,"column":28},"end":{"line":38,"column":34}},"loc":{"start":{"line":38,"column":40},"end":{"line":38,"column":53}},"line":38},"3":{"name":"isValidEmail","decl":{"start":{"line":46,"column":16},"end":{"line":46,"column":29}},"loc":{"start":{"line":46,"column":53},"end":{"line":47,"column":null}},"line":46},"4":{"name":"isValidDate","decl":{"start":{"line":55,"column":16},"end":{"line":55,"column":28}},"loc":{"start":{"line":55,"column":54},"end":{"line":57,"column":null}},"line":55},"5":{"name":"clamp","decl":{"start":{"line":67,"column":16},"end":{"line":67,"column":22}},"loc":{"start":{"line":67,"column":71},"end":{"line":68,"column":null}},"line":67},"6":{"name":"truncate","decl":{"start":{"line":77,"column":16},"end":{"line":77,"column":25}},"loc":{"start":{"line":77,"column":66},"end":{"line":79,"column":null}},"line":77},"7":{"name":"formatCurrency","decl":{"start":{"line":88,"column":16},"end":{"line":88,"column":31}},"loc":{"start":{"line":88,"column":88},"end":{"line":93,"column":null}},"line":88},"8":{"name":"formatDateRange","decl":{"start":{"line":102,"column":16},"end":{"line":102,"column":32}},"loc":{"start":{"line":102,"column":68},"end":{"line":109,"column":null}},"line":102},"9":{"name":"daysBetween","decl":{"start":{"line":118,"column":16},"end":{"line":118,"column":28}},"loc":{"start":{"line":118,"column":64},"end":{"line":121,"column":null}},"line":118},"10":{"name":"generateId","decl":{"start":{"line":128,"column":16},"end":{"line":128,"column":37}},"loc":{"start":{"line":128,"column":37},"end":{"line":129,"column":null}},"line":128}},"branchMap":{"0":{"loc":{"start":{"line":20,"column":45},"end":{"line":20,"column":71}},"type":"default-arg","locations":[{"start":{"line":20,"column":57},"end":{"line":20,"column":71}}],"line":20},"1":{"loc":{"start":{"line":21,"column":2},"end":{"line":21,"column":null}},"type":"if","locations":[{"start":{"line":21,"column":2},"end":{"line":21,"column":null}},{"start":{},"end":{}}],"line":21},"2":{"loc":{"start":{"line":78,"column":2},"end":{"line":78,"column":null}},"type":"if","locations":[{"start":{"line":78,"column":2},"end":{"line":78,"column":null}},{"start":{},"end":{}}],"line":78},"3":{"loc":{"start":{"line":88,"column":47},"end":{"line":88,"column":88}},"type":"default-arg","locations":[{"start":{"line":88,"column":73},"end":{"line":88,"column":88}}],"line":88},"4":{"loc":{"start":{"line":106,"column":2},"end":{"line":107,"column":null}},"type":"if","locations":[{"start":{"line":106,"column":2},"end":{"line":107,"column":null}},{"start":{},"end":{}}],"line":106}},"s":{"0":2,"1":2,"2":6,"3":1,"4":5,"5":5,"6":25,"7":5,"8":3,"9":10,"10":5,"11":2,"12":2,"13":3,"14":2,"15":1,"16":1,"17":4,"18":2,"19":2,"20":2,"21":2,"22":1,"23":2,"24":3,"25":3,"26":3,"27":2},"f":{"0":6,"1":3,"2":10,"3":5,"4":2,"5":3,"6":2,"7":4,"8":2,"9":3,"10":2},"b":{"0":[6],"1":[1,5],"2":[1,1],"3":[4],"4":[1,1]},"meta":{"lastBranch":5,"lastFunction":11,"lastStatement":28,"seen":{"s:5:23:5:Infinity":0,"s:6:27:12:Infinity":1,"f:20:16:20:30":0,"b:20:57:20:71":0,"b:21:2:21:Infinity:undefined:undefined:undefined:undefined":1,"s:21:2:21:Infinity":2,"s:21:33:21:Infinity":3,"s:22:14:25:24":4,"s:26:2:27:Infinity":5,"s:27:4:27:Infinity":6,"s:29:2:29:Infinity":7,"f:37:16:37:33":1,"s:38:2:38:Infinity":8,"f:38:28:38:34":2,"s:38:40:38:53":9,"f:46:16:46:29":3,"s:47:2:47:Infinity":10,"f:55:16:55:28":4,"s:56:15:56:32":11,"s:57:2:57:Infinity":12,"f:67:16:67:22":5,"s:68:2:68:Infinity":13,"f:77:16:77:25":6,"b:78:2:78:Infinity:undefined:undefined:undefined:undefined":2,"s:78:2:78:Infinity":14,"s:78:32:78:Infinity":15,"s:79:2:79:Infinity":16,"f:88:16:88:31":7,"b:88:73:88:88":3,"s:89:2:93:Infinity":17,"f:102:16:102:32":8,"s:103:12:103:27":18,"s:104:12:104:25":19,"s:105:43:105:Infinity":20,"b:106:2:107:Infinity:undefined:undefined:undefined:undefined":4,"s:106:2:107:Infinity":21,"s:107:4:107:Infinity":22,"s:109:2:109:Infinity":23,"f:118:16:118:28":9,"s:119:12:119:27":24,"s:120:12:120:25":25,"s:121:2:121:Infinity":26,"f:128:16:128:37":10,"s:129:2:129:Infinity":27}}}
}
